<?xml version='1.0'?>
<ns2:test-suite xmlns:ns2='urn:model.allure.qatools.yandex.ru' start='1656373961739' stop='1656373965498'>
    <name>Login page testing</name>
    <title>Login page testing</title>
    <test-cases>
        <test-case start='1656373961740' status='failed' stop='1656373961743'>
            <name>"before all" hook</name>
            <title>"before all" hook</title>
            <labels>
                <label name='language' value='javascript'/>
                <label name='framework' value='wdio'/>
                <label name='thread' value='0-1'/>
            </labels>
            <parameters>
                <parameter kind='argument' name='browser' value='chrome-103.0.5060.53'/>
            </parameters>
            <steps>
                <step start='1656373961744' status='undefined'>
                    <name>POST /session/:sessionId/url</name>
                    <title>POST /session/:sessionId/url</title>
                    <attachments>
                        <attachment title='Request' source='41241d21-f7c2-44d4-8f89-5f70907f8792-attachment.json' type='application/json' size='60'/>
                    </attachments>
                    <steps/>
                </step>
            </steps>
            <attachments/>
            <failure>
                <message>browser.pauser is not a function</message>
                <stack-trace>TypeError: browser.pauser is not a function
                    at UserContext.&lt;anonymous> (C:\Users\Martin\Desktop\BaSP etapa 3\alexis-trackgenix-app\test\specs\login.spec.js:7:17)
                    at UserContext.executeAsync (C:\Users\Martin\Desktop\BaSP etapa 3\alexis-trackgenix-app\node_modules\@wdio\utils\build\shim.js:333:27)
                    at UserContext.testFrameworkFnWrapper (C:\Users\Martin\Desktop\BaSP etapa 3\alexis-trackgenix-app\node_modules\@wdio\utils\build\test-framework\testFnWrapper.js:51:32)</stack-trace>
            </failure>
        </test-case>
        <test-case start='1656373965497' status='failed' stop='1656373965498'>
            <name>&lt;unknown test></name>
            <title>&lt;unknown test></title>
            <labels>
                <label name='language' value='javascript'/>
                <label name='framework' value='wdio'/>
                <label name='thread' value='0-1'/>
            </labels>
            <parameters>
                <parameter kind='argument' name='browser' value='chrome-103.0.5060.53'/>
            </parameters>
            <steps/>
            <attachments/>
            <failure>
                <message>TypeError: browser.pauser is not a function</message>
                <stack-trace>TypeError: browser.pauser is not a function
                    at UserContext.&lt;anonymous> (C:\Users\Martin\Desktop\BaSP etapa 3\alexis-trackgenix-app\test\specs\login.spec.js:7:17)</stack-trace>
            </failure>
        </test-case>
    </test-cases>
</ns2:test-suite>